[0.009s] Invoking command in '/home/abisop-nvme/project_debugger/robo-perf/ros2_ws/build/turtlesim': CMAKE_PREFIX_PATH=${CMAKE_PREFIX_PATH}:/opt/ros/humble _=/usr/bin/env /usr/bin/cmake /home/abisop-nvme/project_debugger/robo-perf/ros2_ws/src/ros_tutorials/turtlesim -DCMAKE_INSTALL_PREFIX=/home/abisop-nvme/project_debugger/robo-perf/ros2_ws/install/turtlesim
[0.231s] -- The C compiler identification is GNU 11.4.0
[0.393s] -- The CXX compiler identification is GNU 11.4.0
[0.404s] -- Detecting C compiler ABI info
[0.448s] -- Detecting C compiler ABI info - done
[0.454s] -- Check for working C compiler: /usr/lib/ccache/cc - skipped
[0.454s] -- Detecting C compile features
[0.455s] -- Detecting C compile features - done
[0.458s] -- Detecting CXX compiler ABI info
[0.507s] -- Detecting CXX compiler ABI info - done
[0.513s] -- Check for working CXX compiler: /usr/lib/ccache/c++ - skipped
[0.514s] -- Detecting CXX compile features
[0.514s] -- Detecting CXX compile features - done
[0.517s] -- Found ament_cmake: 1.3.10 (/opt/ros/humble/share/ament_cmake/cmake)
[0.635s] -- Found Python3: /usr/bin/python3 (found version "3.10.12") found components: Interpreter 
[0.713s] -- Found ament_index_cpp: 1.4.0 (/opt/ros/humble/share/ament_index_cpp/cmake)
[0.715s] -- Found geometry_msgs: 4.2.4 (/opt/ros/humble/share/geometry_msgs/cmake)
[0.752s] -- Found rosidl_generator_c: 3.1.5 (/opt/ros/humble/share/rosidl_generator_c/cmake)
[0.757s] -- Found rosidl_adapter: 3.1.5 (/opt/ros/humble/share/rosidl_adapter/cmake)
[0.764s] -- Found rosidl_generator_cpp: 3.1.5 (/opt/ros/humble/share/rosidl_generator_cpp/cmake)
[0.778s] -- Using all available rosidl_typesupport_c: rosidl_typesupport_fastrtps_c;rosidl_typesupport_introspection_c
[0.793s] -- Using all available rosidl_typesupport_cpp: rosidl_typesupport_fastrtps_cpp;rosidl_typesupport_introspection_cpp
[0.860s] -- Found rclcpp: 16.0.10 (/opt/ros/humble/share/rclcpp/cmake)
[0.895s] -- Found rmw_implementation_cmake: 6.1.2 (/opt/ros/humble/share/rmw_implementation_cmake/cmake)
[0.898s] -- Found rmw_fastrtps_cpp: 6.2.7 (/opt/ros/humble/share/rmw_fastrtps_cpp/cmake)
[0.965s] -- Found OpenSSL: /usr/lib/x86_64-linux-gnu/libcrypto.so (found version "3.0.2")  
[0.984s] -- Found FastRTPS: /opt/ros/humble/include  
[1.013s] -- Using RMW implementation 'rmw_fastrtps_cpp' as default
[1.022s] -- Looking for pthread.h
[1.092s] -- Looking for pthread.h - found
[1.092s] -- Performing Test CMAKE_HAVE_LIBC_PTHREAD
[1.155s] -- Performing Test CMAKE_HAVE_LIBC_PTHREAD - Success
[1.156s] -- Found Threads: TRUE  
[1.194s] -- Found rclcpp_action: 16.0.10 (/opt/ros/humble/share/rclcpp_action/cmake)
[1.229s] -- Found rosidl_default_generators: 1.2.0 (/opt/ros/humble/share/rosidl_default_generators/cmake)
[1.237s] -- Found std_srvs: 4.2.4 (/opt/ros/humble/share/std_srvs/cmake)
[1.487s] -- Found ament_cmake_ros: 0.10.0 (/opt/ros/humble/share/ament_cmake_ros/cmake)
[1.731s] -- Using all available rosidl_typesupport_c: rosidl_typesupport_fastrtps_c;rosidl_typesupport_introspection_c
[1.823s] -- Using all available rosidl_typesupport_cpp: rosidl_typesupport_fastrtps_cpp;rosidl_typesupport_introspection_cpp
[1.841s] -- Found PythonInterp: /usr/bin/python3 (found suitable version "3.10.12", minimum required is "3.6") 
[1.842s] -- Found python_cmake_module: 0.10.0 (/opt/ros/humble/share/python_cmake_module/cmake)
[1.864s] -- Found PythonLibs: /usr/lib/x86_64-linux-gnu/libpython3.10.so (found suitable version "3.10.12", minimum required is "3.5") 
[1.864s] -- Using PYTHON_EXECUTABLE: /usr/bin/python3
[1.864s] -- Using PYTHON_INCLUDE_DIRS: /usr/include/python3.10
[1.864s] -- Using PYTHON_LIBRARIES: /usr/lib/x86_64-linux-gnu/libpython3.10.so
[1.880s] -- Found PythonExtra: .so  
[1.931s] -- Configuring done
[1.978s] -- Generating done
[1.981s] -- Build files have been written to: /home/abisop-nvme/project_debugger/robo-perf/ros2_ws/build/turtlesim
[1.990s] Invoked command in '/home/abisop-nvme/project_debugger/robo-perf/ros2_ws/build/turtlesim' returned '0': CMAKE_PREFIX_PATH=${CMAKE_PREFIX_PATH}:/opt/ros/humble _=/usr/bin/env /usr/bin/cmake /home/abisop-nvme/project_debugger/robo-perf/ros2_ws/src/ros_tutorials/turtlesim -DCMAKE_INSTALL_PREFIX=/home/abisop-nvme/project_debugger/robo-perf/ros2_ws/install/turtlesim
[1.991s] Invoking command in '/home/abisop-nvme/project_debugger/robo-perf/ros2_ws/build/turtlesim': CMAKE_PREFIX_PATH=${CMAKE_PREFIX_PATH}:/opt/ros/humble _=/usr/bin/env /usr/bin/cmake --build /home/abisop-nvme/project_debugger/robo-perf/ros2_ws/build/turtlesim -- -j8 -l8
[2.021s] [  1%] [34m[1mGenerating C code for ROS interfaces[0m
[2.028s] [  2%] [34m[1mGenerating C++ code for ROS interfaces[0m
[2.034s] [  2%] Built target ament_cmake_python_copy_turtlesim
[2.242s] running egg_info
[2.243s] creating turtlesim.egg-info
[2.243s] writing turtlesim.egg-info/PKG-INFO
[2.243s] writing dependency_links to turtlesim.egg-info/dependency_links.txt
[2.243s] writing top-level names to turtlesim.egg-info/top_level.txt
[2.243s] writing manifest file 'turtlesim.egg-info/SOURCES.txt'
[2.246s] reading manifest file 'turtlesim.egg-info/SOURCES.txt'
[2.246s] writing manifest file 'turtlesim.egg-info/SOURCES.txt'
[2.267s] [  2%] Built target ament_cmake_python_build_turtlesim_egg
[2.775s] [  2%] Built target turtlesim__cpp
[2.786s] [  3%] [34m[1mGenerating C++ type support dispatch for ROS interfaces[0m
[2.791s] [  5%] [34m[1mGenerating C++ type support for eProsima Fast-RTPS[0m
[2.791s] [  5%] [34m[1mGenerating C++ introspection for ROS interfaces[0m
[2.861s] [  9%] [32mBuilding C object CMakeFiles/turtlesim__rosidl_generator_c.dir/rosidl_generator_c/turtlesim/action/detail/rotate_absolute__functions.c.o[0m
[2.861s] [  9%] [32mBuilding C object CMakeFiles/turtlesim__rosidl_generator_c.dir/rosidl_generator_c/turtlesim/srv/detail/kill__functions.c.o[0m
[2.861s] [  9%] [32mBuilding C object CMakeFiles/turtlesim__rosidl_generator_c.dir/rosidl_generator_c/turtlesim/srv/detail/set_pen__functions.c.o[0m
[2.861s] [  9%] [32mBuilding C object CMakeFiles/turtlesim__rosidl_generator_c.dir/rosidl_generator_c/turtlesim/msg/detail/pose__functions.c.o[0m
[2.861s] [ 10%] [32mBuilding C object CMakeFiles/turtlesim__rosidl_generator_c.dir/rosidl_generator_c/turtlesim/msg/detail/color__functions.c.o[0m
[2.956s] [ 11%] [32mBuilding C object CMakeFiles/turtlesim__rosidl_generator_c.dir/rosidl_generator_c/turtlesim/srv/detail/spawn__functions.c.o[0m
[2.959s] [ 12%] [32mBuilding C object CMakeFiles/turtlesim__rosidl_generator_c.dir/rosidl_generator_c/turtlesim/srv/detail/teleport_absolute__functions.c.o[0m
[2.972s] [ 13%] [32mBuilding C object CMakeFiles/turtlesim__rosidl_generator_c.dir/rosidl_generator_c/turtlesim/srv/detail/teleport_relative__functions.c.o[0m
[3.059s] [ 14%] [32m[1mLinking C shared library libturtlesim__rosidl_generator_c.so[0m
[3.090s] [ 14%] Built target turtlesim__rosidl_generator_c
[3.100s] [ 15%] [34m[1mGenerating C type support for eProsima Fast-RTPS[0m
[3.100s] [ 16%] [34m[1mGenerating C type support dispatch for ROS interfaces[0m
[3.100s] [ 17%] [34m[1mGenerating C introspection for ROS interfaces[0m
[3.454s] [ 20%] [32mBuilding CXX object CMakeFiles/turtlesim__rosidl_typesupport_cpp.dir/rosidl_typesupport_cpp/turtlesim/action/rotate_absolute__type_support.cpp.o[0m
[3.454s] [ 20%] [32mBuilding CXX object CMakeFiles/turtlesim__rosidl_typesupport_cpp.dir/rosidl_typesupport_cpp/turtlesim/msg/color__type_support.cpp.o[0m
[3.454s] [ 20%] [32mBuilding CXX object CMakeFiles/turtlesim__rosidl_typesupport_cpp.dir/rosidl_typesupport_cpp/turtlesim/msg/pose__type_support.cpp.o[0m
[3.713s] [ 21%] [32mBuilding CXX object CMakeFiles/turtlesim__rosidl_typesupport_c.dir/rosidl_typesupport_c/turtlesim/action/rotate_absolute__type_support.cpp.o[0m
[3.817s] [ 22%] [32mBuilding CXX object CMakeFiles/turtlesim__rosidl_typesupport_c.dir/rosidl_typesupport_c/turtlesim/msg/color__type_support.cpp.o[0m
[3.855s] [ 23%] [32mBuilding CXX object CMakeFiles/turtlesim__rosidl_typesupport_fastrtps_cpp.dir/rosidl_typesupport_fastrtps_cpp/turtlesim/action/detail/dds_fastrtps/rotate_absolute__type_support.cpp.o[0m
[3.857s] [ 24%] [32mBuilding CXX object CMakeFiles/turtlesim__rosidl_typesupport_introspection_cpp.dir/rosidl_typesupport_introspection_cpp/turtlesim/action/detail/rotate_absolute__type_support.cpp.o[0m
[3.871s] [ 25%] [32mBuilding CXX object CMakeFiles/turtlesim__rosidl_typesupport_c.dir/rosidl_typesupport_c/turtlesim/msg/pose__type_support.cpp.o[0m
[3.925s] [ 26%] [32mBuilding CXX object CMakeFiles/turtlesim__rosidl_typesupport_c.dir/rosidl_typesupport_c/turtlesim/srv/kill__type_support.cpp.o[0m
[3.936s] [ 27%] [32mBuilding CXX object CMakeFiles/turtlesim__rosidl_typesupport_fastrtps_cpp.dir/rosidl_typesupport_fastrtps_cpp/turtlesim/msg/detail/dds_fastrtps/color__type_support.cpp.o[0m
[3.938s] [ 28%] [32mBuilding CXX object CMakeFiles/turtlesim__rosidl_typesupport_introspection_cpp.dir/rosidl_typesupport_introspection_cpp/turtlesim/msg/detail/color__type_support.cpp.o[0m
[3.986s] [ 29%] [32mBuilding CXX object CMakeFiles/turtlesim__rosidl_typesupport_c.dir/rosidl_typesupport_c/turtlesim/srv/set_pen__type_support.cpp.o[0m
[4.041s] [ 30%] [32mBuilding CXX object CMakeFiles/turtlesim__rosidl_typesupport_c.dir/rosidl_typesupport_c/turtlesim/srv/spawn__type_support.cpp.o[0m
[4.098s] [ 31%] [32mBuilding CXX object CMakeFiles/turtlesim__rosidl_typesupport_c.dir/rosidl_typesupport_c/turtlesim/srv/teleport_absolute__type_support.cpp.o[0m
[4.154s] [ 32%] [32mBuilding CXX object CMakeFiles/turtlesim__rosidl_typesupport_c.dir/rosidl_typesupport_c/turtlesim/srv/teleport_relative__type_support.cpp.o[0m
[4.219s] [ 33%] [32m[1mLinking CXX shared library libturtlesim__rosidl_typesupport_c.so[0m
[4.234s] [ 34%] [32mBuilding CXX object CMakeFiles/turtlesim__rosidl_typesupport_cpp.dir/rosidl_typesupport_cpp/turtlesim/srv/kill__type_support.cpp.o[0m
[4.275s] [ 34%] Built target turtlesim__rosidl_typesupport_c
[4.285s] [ 35%] [32mBuilding C object CMakeFiles/turtlesim__rosidl_typesupport_introspection_c.dir/rosidl_typesupport_introspection_c/turtlesim/action/detail/rotate_absolute__type_support.c.o[0m
[4.296s] [ 36%] [32mBuilding C object CMakeFiles/turtlesim__rosidl_typesupport_introspection_c.dir/rosidl_typesupport_introspection_c/turtlesim/msg/detail/color__type_support.c.o[0m
[4.371s] [ 37%] [32mBuilding CXX object CMakeFiles/turtlesim__rosidl_typesupport_fastrtps_cpp.dir/rosidl_typesupport_fastrtps_cpp/turtlesim/msg/detail/dds_fastrtps/pose__type_support.cpp.o[0m
[4.378s] [ 38%] [32mBuilding C object CMakeFiles/turtlesim__rosidl_typesupport_introspection_c.dir/rosidl_typesupport_introspection_c/turtlesim/msg/detail/pose__type_support.c.o[0m
[4.389s] [ 39%] [32mBuilding CXX object CMakeFiles/turtlesim__rosidl_typesupport_fastrtps_c.dir/rosidl_typesupport_fastrtps_c/turtlesim/action/detail/rotate_absolute__type_support_c.cpp.o[0m
[4.444s] [ 40%] [32mBuilding C object CMakeFiles/turtlesim__rosidl_typesupport_introspection_c.dir/rosidl_typesupport_introspection_c/turtlesim/srv/detail/kill__type_support.c.o[0m
[4.524s] [ 41%] [32mBuilding C object CMakeFiles/turtlesim__rosidl_typesupport_introspection_c.dir/rosidl_typesupport_introspection_c/turtlesim/srv/detail/set_pen__type_support.c.o[0m
[4.550s] [ 42%] [32mBuilding C object CMakeFiles/turtlesim__rosidl_typesupport_introspection_c.dir/rosidl_typesupport_introspection_c/turtlesim/srv/detail/spawn__type_support.c.o[0m
[4.566s] [ 43%] [32mBuilding C object CMakeFiles/turtlesim__rosidl_typesupport_introspection_c.dir/rosidl_typesupport_introspection_c/turtlesim/srv/detail/teleport_absolute__type_support.c.o[0m
[4.595s] [ 44%] [32mBuilding CXX object CMakeFiles/turtlesim__rosidl_typesupport_cpp.dir/rosidl_typesupport_cpp/turtlesim/srv/set_pen__type_support.cpp.o[0m
[4.615s] [ 45%] [32mBuilding CXX object CMakeFiles/turtlesim__rosidl_typesupport_fastrtps_c.dir/rosidl_typesupport_fastrtps_c/turtlesim/msg/detail/color__type_support_c.cpp.o[0m
[4.634s] [ 46%] [32mBuilding C object CMakeFiles/turtlesim__rosidl_typesupport_introspection_c.dir/rosidl_typesupport_introspection_c/turtlesim/srv/detail/teleport_relative__type_support.c.o[0m
[4.695s] [ 47%] [32mBuilding CXX object CMakeFiles/turtlesim__rosidl_typesupport_cpp.dir/rosidl_typesupport_cpp/turtlesim/srv/spawn__type_support.cpp.o[0m
[4.705s] [ 48%] [32m[1mLinking C shared library libturtlesim__rosidl_typesupport_introspection_c.so[0m
[4.742s] [ 49%] [32mBuilding CXX object CMakeFiles/turtlesim__rosidl_typesupport_fastrtps_c.dir/rosidl_typesupport_fastrtps_c/turtlesim/msg/detail/pose__type_support_c.cpp.o[0m
[4.747s] [ 49%] Built target turtlesim__rosidl_typesupport_introspection_c
[4.758s] [ 50%] [32mBuilding CXX object CMakeFiles/turtlesim__rosidl_typesupport_introspection_cpp.dir/rosidl_typesupport_introspection_cpp/turtlesim/msg/detail/pose__type_support.cpp.o[0m
[4.789s] [ 51%] [32mBuilding CXX object CMakeFiles/turtlesim__rosidl_typesupport_cpp.dir/rosidl_typesupport_cpp/turtlesim/srv/teleport_absolute__type_support.cpp.o[0m
[5.003s] [ 52%] [32mBuilding CXX object CMakeFiles/turtlesim__rosidl_typesupport_fastrtps_cpp.dir/rosidl_typesupport_fastrtps_cpp/turtlesim/srv/detail/dds_fastrtps/kill__type_support.cpp.o[0m
[5.028s] [ 53%] [32mBuilding CXX object CMakeFiles/turtlesim__rosidl_typesupport_introspection_cpp.dir/rosidl_typesupport_introspection_cpp/turtlesim/srv/detail/kill__type_support.cpp.o[0m
[5.055s] [ 54%] [32mBuilding CXX object CMakeFiles/turtlesim__rosidl_typesupport_fastrtps_cpp.dir/rosidl_typesupport_fastrtps_cpp/turtlesim/srv/detail/dds_fastrtps/set_pen__type_support.cpp.o[0m
[5.136s] [ 55%] [32mBuilding CXX object CMakeFiles/turtlesim__rosidl_typesupport_fastrtps_c.dir/rosidl_typesupport_fastrtps_c/turtlesim/srv/detail/kill__type_support_c.cpp.o[0m
[5.153s] [ 56%] [32mBuilding CXX object CMakeFiles/turtlesim__rosidl_typesupport_introspection_cpp.dir/rosidl_typesupport_introspection_cpp/turtlesim/srv/detail/set_pen__type_support.cpp.o[0m
[5.232s] [ 57%] [32mBuilding CXX object CMakeFiles/turtlesim__rosidl_typesupport_cpp.dir/rosidl_typesupport_cpp/turtlesim/srv/teleport_relative__type_support.cpp.o[0m
[5.302s] [ 58%] [32mBuilding CXX object CMakeFiles/turtlesim__rosidl_typesupport_fastrtps_cpp.dir/rosidl_typesupport_fastrtps_cpp/turtlesim/srv/detail/dds_fastrtps/spawn__type_support.cpp.o[0m
[5.374s] [ 59%] [32mBuilding CXX object CMakeFiles/turtlesim__rosidl_typesupport_fastrtps_c.dir/rosidl_typesupport_fastrtps_c/turtlesim/srv/detail/set_pen__type_support_c.cpp.o[0m
[5.653s] [ 60%] [32mBuilding CXX object CMakeFiles/turtlesim__rosidl_typesupport_fastrtps_cpp.dir/rosidl_typesupport_fastrtps_cpp/turtlesim/srv/detail/dds_fastrtps/teleport_absolute__type_support.cpp.o[0m
[5.694s] [ 61%] [32mBuilding CXX object CMakeFiles/turtlesim__rosidl_typesupport_fastrtps_cpp.dir/rosidl_typesupport_fastrtps_cpp/turtlesim/srv/detail/dds_fastrtps/teleport_relative__type_support.cpp.o[0m
[5.694s] [ 62%] [32m[1mLinking CXX shared library libturtlesim__rosidl_typesupport_cpp.so[0m
[5.719s] [ 63%] [32mBuilding CXX object CMakeFiles/turtlesim__rosidl_typesupport_fastrtps_c.dir/rosidl_typesupport_fastrtps_c/turtlesim/srv/detail/spawn__type_support_c.cpp.o[0m
[5.729s] [ 64%] [32mBuilding CXX object CMakeFiles/turtlesim__rosidl_typesupport_introspection_cpp.dir/rosidl_typesupport_introspection_cpp/turtlesim/srv/detail/spawn__type_support.cpp.o[0m
[5.752s] [ 64%] Built target turtlesim__rosidl_typesupport_cpp
[5.763s] [ 65%] [32mBuilding CXX object CMakeFiles/turtlesim__rosidl_typesupport_fastrtps_c.dir/rosidl_typesupport_fastrtps_c/turtlesim/srv/detail/teleport_absolute__type_support_c.cpp.o[0m
[5.763s] [ 66%] [32mBuilding CXX object CMakeFiles/turtlesim__rosidl_typesupport_fastrtps_c.dir/rosidl_typesupport_fastrtps_c/turtlesim/srv/detail/teleport_relative__type_support_c.cpp.o[0m
[5.939s] [ 67%] [32mBuilding CXX object CMakeFiles/turtlesim__rosidl_typesupport_introspection_cpp.dir/rosidl_typesupport_introspection_cpp/turtlesim/srv/detail/teleport_absolute__type_support.cpp.o[0m
[5.970s] [ 68%] [34m[1mGenerating include/turtlesim/moc_turtle_frame.cpp[0m
[6.090s] [ 69%] [32mBuilding CXX object CMakeFiles/turtlesim_node.dir/src/turtlesim.cpp.o[0m
[6.316s] [ 70%] [32mBuilding CXX object CMakeFiles/turtlesim__rosidl_typesupport_introspection_cpp.dir/rosidl_typesupport_introspection_cpp/turtlesim/srv/detail/teleport_relative__type_support.cpp.o[0m
[6.328s] [ 71%] [32mBuilding CXX object CMakeFiles/turtle_teleop_key.dir/tutorials/teleop_turtle_key.cpp.o[0m
[6.331s] [ 72%] [32mBuilding CXX object CMakeFiles/turtlesim_node.dir/src/turtle.cpp.o[0m
[6.338s] [ 73%] [32m[1mLinking CXX shared library libturtlesim__rosidl_typesupport_fastrtps_c.so[0m
[6.348s] [ 74%] [32m[1mLinking CXX shared library libturtlesim__rosidl_typesupport_fastrtps_cpp.so[0m
[6.354s] [ 75%] [32mBuilding CXX object CMakeFiles/turtlesim_node.dir/src/turtle_frame.cpp.o[0m
[6.461s] [ 75%] Built target turtlesim__rosidl_typesupport_fastrtps_c
[6.465s] [ 75%] Built target turtlesim__rosidl_typesupport_fastrtps_cpp
[6.476s] [ 76%] [32mBuilding CXX object CMakeFiles/turtlesim_node.dir/include/turtlesim/moc_turtle_frame.cpp.o[0m
[6.484s] [ 77%] [32mBuilding CXX object CMakeFiles/draw_square.dir/tutorials/draw_square.cpp.o[0m
[6.566s] [ 78%] [32mBuilding CXX object CMakeFiles/mimic.dir/tutorials/mimic.cpp.o[0m
[6.942s] [ 79%] [32m[1mLinking CXX shared library libturtlesim__rosidl_typesupport_introspection_cpp.so[0m
[7.099s] [ 79%] Built target turtlesim__rosidl_typesupport_introspection_cpp
[7.131s] [ 79%] Built target turtlesim
[7.163s] [ 80%] [34m[1mGenerating Python code for ROS interfaces[0m
[10.346s] [ 80%] Built target turtlesim__py
[10.374s] [ 81%] [32mBuilding C object CMakeFiles/turtlesim__rosidl_generator_py.dir/rosidl_generator_py/turtlesim/action/_rotate_absolute_s.c.o[0m
[10.730s] [ 82%] [32mBuilding C object CMakeFiles/turtlesim__rosidl_generator_py.dir/rosidl_generator_py/turtlesim/msg/_color_s.c.o[0m
[10.962s] [ 83%] [32mBuilding C object CMakeFiles/turtlesim__rosidl_generator_py.dir/rosidl_generator_py/turtlesim/msg/_pose_s.c.o[0m
[11.200s] [ 84%] [32mBuilding C object CMakeFiles/turtlesim__rosidl_generator_py.dir/rosidl_generator_py/turtlesim/srv/_kill_s.c.o[0m
[11.441s] [ 85%] [32mBuilding C object CMakeFiles/turtlesim__rosidl_generator_py.dir/rosidl_generator_py/turtlesim/srv/_set_pen_s.c.o[0m
[11.691s] [ 86%] [32mBuilding C object CMakeFiles/turtlesim__rosidl_generator_py.dir/rosidl_generator_py/turtlesim/srv/_spawn_s.c.o[0m
[11.944s] [ 87%] [32mBuilding C object CMakeFiles/turtlesim__rosidl_generator_py.dir/rosidl_generator_py/turtlesim/srv/_teleport_absolute_s.c.o[0m
[12.194s] [ 88%] [32mBuilding C object CMakeFiles/turtlesim__rosidl_generator_py.dir/rosidl_generator_py/turtlesim/srv/_teleport_relative_s.c.o[0m
[12.429s] [ 89%] [32m[1mLinking C shared library rosidl_generator_py/turtlesim/libturtlesim__rosidl_generator_py.so[0m
[12.498s] [ 89%] Built target turtlesim__rosidl_generator_py
[12.526s] [ 90%] [32mBuilding C object CMakeFiles/turtlesim__rosidl_typesupport_fastrtps_c__pyext.dir/rosidl_generator_py/turtlesim/_turtlesim_s.ep.rosidl_typesupport_fastrtps_c.c.o[0m
[12.866s] [ 91%] [32m[1mLinking C shared library rosidl_generator_py/turtlesim/turtlesim_s__rosidl_typesupport_fastrtps_c.cpython-310-x86_64-linux-gnu.so[0m
[12.922s] [ 91%] Built target turtlesim__rosidl_typesupport_fastrtps_c__pyext
[12.948s] [ 92%] [32mBuilding C object CMakeFiles/turtlesim__rosidl_typesupport_introspection_c__pyext.dir/rosidl_generator_py/turtlesim/_turtlesim_s.ep.rosidl_typesupport_introspection_c.c.o[0m
[13.183s] [ 93%] [32mBuilding C object CMakeFiles/turtlesim__rosidl_typesupport_c__pyext.dir/rosidl_generator_py/turtlesim/_turtlesim_s.ep.rosidl_typesupport_c.c.o[0m
[13.265s] [ 94%] [32m[1mLinking C shared library rosidl_generator_py/turtlesim/turtlesim_s__rosidl_typesupport_introspection_c.cpython-310-x86_64-linux-gnu.so[0m
[13.318s] [ 94%] Built target turtlesim__rosidl_typesupport_introspection_c__pyext
[13.503s] [ 95%] [32m[1mLinking C shared library rosidl_generator_py/turtlesim/turtlesim_s__rosidl_typesupport_c.cpython-310-x86_64-linux-gnu.so[0m
[13.557s] [ 95%] Built target turtlesim__rosidl_typesupport_c__pyext
[14.828s] [ 96%] [32m[1mLinking CXX executable turtle_teleop_key[0m
[15.249s] [ 96%] Built target turtle_teleop_key
[17.241s] [ 97%] [32m[1mLinking CXX executable mimic[0m
[17.664s] [ 97%] Built target mimic
[17.677s] [ 98%] [32m[1mLinking CXX executable draw_square[0m
[18.078s] [ 98%] Built target draw_square
[20.400s] [100%] [32m[1mLinking CXX executable turtlesim_node[0m
[22.313s] [100%] Built target turtlesim_node
[22.322s] Invoked command in '/home/abisop-nvme/project_debugger/robo-perf/ros2_ws/build/turtlesim' returned '0': CMAKE_PREFIX_PATH=${CMAKE_PREFIX_PATH}:/opt/ros/humble _=/usr/bin/env /usr/bin/cmake --build /home/abisop-nvme/project_debugger/robo-perf/ros2_ws/build/turtlesim -- -j8 -l8
[22.519s] Invoking command in '/home/abisop-nvme/project_debugger/robo-perf/ros2_ws/build/turtlesim': CMAKE_PREFIX_PATH=${CMAKE_PREFIX_PATH}:/opt/ros/humble _=/usr/bin/env /usr/bin/cmake --install /home/abisop-nvme/project_debugger/robo-perf/ros2_ws/build/turtlesim
[22.525s] -- Install configuration: ""
[22.525s] -- Installing: /home/abisop-nvme/project_debugger/robo-perf/ros2_ws/install/turtlesim/share/ament_index/resource_index/rosidl_interfaces/turtlesim
[22.525s] -- Installing: /home/abisop-nvme/project_debugger/robo-perf/ros2_ws/install/turtlesim/include/turtlesim/turtlesim
[22.525s] -- Installing: /home/abisop-nvme/project_debugger/robo-perf/ros2_ws/install/turtlesim/include/turtlesim/turtlesim/srv
[22.528s] -- Installing: /home/abisop-nvme/project_debugger/robo-perf/ros2_ws/install/turtlesim/include/turtlesim/turtlesim/srv/kill.h
[22.528s] -- Installing: /home/abisop-nvme/project_debugger/robo-perf/ros2_ws/install/turtlesim/include/turtlesim/turtlesim/srv/teleport_absolute.h
[22.528s] -- Installing: /home/abisop-nvme/project_debugger/robo-perf/ros2_ws/install/turtlesim/include/turtlesim/turtlesim/srv/teleport_relative.h
[22.528s] -- Installing: /home/abisop-nvme/project_debugger/robo-perf/ros2_ws/install/turtlesim/include/turtlesim/turtlesim/srv/detail
[22.528s] -- Installing: /home/abisop-nvme/project_debugger/robo-perf/ros2_ws/install/turtlesim/include/turtlesim/turtlesim/srv/detail/set_pen__type_support.h
[22.528s] -- Installing: /home/abisop-nvme/project_debugger/robo-perf/ros2_ws/install/turtlesim/include/turtlesim/turtlesim/srv/detail/teleport_absolute__struct.h
[22.528s] -- Installing: /home/abisop-nvme/project_debugger/robo-perf/ros2_ws/install/turtlesim/include/turtlesim/turtlesim/srv/detail/kill__type_support.h
[22.528s] -- Installing: /home/abisop-nvme/project_debugger/robo-perf/ros2_ws/install/turtlesim/include/turtlesim/turtlesim/srv/detail/spawn__functions.h
[22.528s] -- Installing: /home/abisop-nvme/project_debugger/robo-perf/ros2_ws/install/turtlesim/include/turtlesim/turtlesim/srv/detail/teleport_absolute__functions.c
[22.528s] -- Installing: /home/abisop-nvme/project_debugger/robo-perf/ros2_ws/install/turtlesim/include/turtlesim/turtlesim/srv/detail/teleport_relative__functions.h
[22.528s] -- Installing: /home/abisop-nvme/project_debugger/robo-perf/ros2_ws/install/turtlesim/include/turtlesim/turtlesim/srv/detail/spawn__functions.c
[22.528s] -- Installing: /home/abisop-nvme/project_debugger/robo-perf/ros2_ws/install/turtlesim/include/turtlesim/turtlesim/srv/detail/teleport_absolute__functions.h
[22.529s] -- Installing: /home/abisop-nvme/project_debugger/robo-perf/ros2_ws/install/turtlesim/include/turtlesim/turtlesim/srv/detail/kill__functions.c
[22.529s] -- Installing: /home/abisop-nvme/project_debugger/robo-perf/ros2_ws/install/turtlesim/include/turtlesim/turtlesim/srv/detail/kill__functions.h
[22.529s] -- Installing: /home/abisop-nvme/project_debugger/robo-perf/ros2_ws/install/turtlesim/include/turtlesim/turtlesim/srv/detail/spawn__type_support.h
[22.529s] -- Installing: /home/abisop-nvme/project_debugger/robo-perf/ros2_ws/install/turtlesim/include/turtlesim/turtlesim/srv/detail/kill__struct.h
[22.529s] -- Installing: /home/abisop-nvme/project_debugger/robo-perf/ros2_ws/install/turtlesim/include/turtlesim/turtlesim/srv/detail/set_pen__struct.h
[22.529s] -- Installing: /home/abisop-nvme/project_debugger/robo-perf/ros2_ws/install/turtlesim/include/turtlesim/turtlesim/srv/detail/teleport_relative__type_support.h
[22.529s] -- Installing: /home/abisop-nvme/project_debugger/robo-perf/ros2_ws/install/turtlesim/include/turtlesim/turtlesim/srv/detail/set_pen__functions.h
[22.529s] -- Installing: /home/abisop-nvme/project_debugger/robo-perf/ros2_ws/install/turtlesim/include/turtlesim/turtlesim/srv/detail/teleport_absolute__type_support.h
[22.529s] -- Installing: /home/abisop-nvme/project_debugger/robo-perf/ros2_ws/install/turtlesim/include/turtlesim/turtlesim/srv/detail/spawn__struct.h
[22.529s] -- Installing: /home/abisop-nvme/project_debugger/robo-perf/ros2_ws/install/turtlesim/include/turtlesim/turtlesim/srv/detail/teleport_relative__functions.c
[22.529s] -- Installing: /home/abisop-nvme/project_debugger/robo-perf/ros2_ws/install/turtlesim/include/turtlesim/turtlesim/srv/detail/set_pen__functions.c
[22.529s] -- Installing: /home/abisop-nvme/project_debugger/robo-perf/ros2_ws/install/turtlesim/include/turtlesim/turtlesim/srv/detail/teleport_relative__struct.h
[22.529s] -- Installing: /home/abisop-nvme/project_debugger/robo-perf/ros2_ws/install/turtlesim/include/turtlesim/turtlesim/srv/spawn.h
[22.529s] -- Installing: /home/abisop-nvme/project_debugger/robo-perf/ros2_ws/install/turtlesim/include/turtlesim/turtlesim/srv/set_pen.h
[22.529s] -- Installing: /home/abisop-nvme/project_debugger/robo-perf/ros2_ws/install/turtlesim/include/turtlesim/turtlesim/action
[22.529s] -- Installing: /home/abisop-nvme/project_debugger/robo-perf/ros2_ws/install/turtlesim/include/turtlesim/turtlesim/action/detail
[22.530s] -- Installing: /home/abisop-nvme/project_debugger/robo-perf/ros2_ws/install/turtlesim/include/turtlesim/turtlesim/action/detail/rotate_absolute__functions.c
[22.530s] -- Installing: /home/abisop-nvme/project_debugger/robo-perf/ros2_ws/install/turtlesim/include/turtlesim/turtlesim/action/detail/rotate_absolute__functions.h
[22.530s] -- Installing: /home/abisop-nvme/project_debugger/robo-perf/ros2_ws/install/turtlesim/include/turtlesim/turtlesim/action/detail/rotate_absolute__struct.h
[22.530s] -- Installing: /home/abisop-nvme/project_debugger/robo-perf/ros2_ws/install/turtlesim/include/turtlesim/turtlesim/action/detail/rotate_absolute__type_support.h
[22.530s] -- Installing: /home/abisop-nvme/project_debugger/robo-perf/ros2_ws/install/turtlesim/include/turtlesim/turtlesim/action/rotate_absolute.h
[22.530s] -- Installing: /home/abisop-nvme/project_debugger/robo-perf/ros2_ws/install/turtlesim/include/turtlesim/turtlesim/msg
[22.530s] -- Installing: /home/abisop-nvme/project_debugger/robo-perf/ros2_ws/install/turtlesim/include/turtlesim/turtlesim/msg/rosidl_generator_c__visibility_control.h
[22.530s] -- Installing: /home/abisop-nvme/project_debugger/robo-perf/ros2_ws/install/turtlesim/include/turtlesim/turtlesim/msg/color.h
[22.530s] -- Installing: /home/abisop-nvme/project_debugger/robo-perf/ros2_ws/install/turtlesim/include/turtlesim/turtlesim/msg/detail
[22.530s] -- Installing: /home/abisop-nvme/project_debugger/robo-perf/ros2_ws/install/turtlesim/include/turtlesim/turtlesim/msg/detail/color__functions.h
[22.530s] -- Installing: /home/abisop-nvme/project_debugger/robo-perf/ros2_ws/install/turtlesim/include/turtlesim/turtlesim/msg/detail/pose__type_support.h
[22.530s] -- Installing: /home/abisop-nvme/project_debugger/robo-perf/ros2_ws/install/turtlesim/include/turtlesim/turtlesim/msg/detail/pose__functions.h
[22.530s] -- Installing: /home/abisop-nvme/project_debugger/robo-perf/ros2_ws/install/turtlesim/include/turtlesim/turtlesim/msg/detail/color__struct.h
[22.530s] -- Installing: /home/abisop-nvme/project_debugger/robo-perf/ros2_ws/install/turtlesim/include/turtlesim/turtlesim/msg/detail/pose__struct.h
[22.530s] -- Installing: /home/abisop-nvme/project_debugger/robo-perf/ros2_ws/install/turtlesim/include/turtlesim/turtlesim/msg/detail/color__functions.c
[22.530s] -- Installing: /home/abisop-nvme/project_debugger/robo-perf/ros2_ws/install/turtlesim/include/turtlesim/turtlesim/msg/detail/pose__functions.c
[22.531s] -- Installing: /home/abisop-nvme/project_debugger/robo-perf/ros2_ws/install/turtlesim/include/turtlesim/turtlesim/msg/detail/color__type_support.h
[22.531s] -- Installing: /home/abisop-nvme/project_debugger/robo-perf/ros2_ws/install/turtlesim/include/turtlesim/turtlesim/msg/pose.h
[22.531s] -- Installing: /home/abisop-nvme/project_debugger/robo-perf/ros2_ws/install/turtlesim/share/turtlesim/environment/library_path.sh
[22.531s] -- Installing: /home/abisop-nvme/project_debugger/robo-perf/ros2_ws/install/turtlesim/share/turtlesim/environment/library_path.dsv
[22.531s] -- Installing: /home/abisop-nvme/project_debugger/robo-perf/ros2_ws/install/turtlesim/lib/libturtlesim__rosidl_generator_c.so
[22.531s] -- Set runtime path of "/home/abisop-nvme/project_debugger/robo-perf/ros2_ws/install/turtlesim/lib/libturtlesim__rosidl_generator_c.so" to ""
[22.531s] -- Up-to-date: /home/abisop-nvme/project_debugger/robo-perf/ros2_ws/install/turtlesim/include/turtlesim/turtlesim
[22.531s] -- Up-to-date: /home/abisop-nvme/project_debugger/robo-perf/ros2_ws/install/turtlesim/include/turtlesim/turtlesim/srv
[22.532s] -- Up-to-date: /home/abisop-nvme/project_debugger/robo-perf/ros2_ws/install/turtlesim/include/turtlesim/turtlesim/srv/detail
[22.532s] -- Installing: /home/abisop-nvme/project_debugger/robo-perf/ros2_ws/install/turtlesim/include/turtlesim/turtlesim/srv/detail/teleport_absolute__rosidl_typesupport_fastrtps_c.h
[22.532s] -- Installing: /home/abisop-nvme/project_debugger/robo-perf/ros2_ws/install/turtlesim/include/turtlesim/turtlesim/srv/detail/spawn__rosidl_typesupport_fastrtps_c.h
[22.532s] -- Installing: /home/abisop-nvme/project_debugger/robo-perf/ros2_ws/install/turtlesim/include/turtlesim/turtlesim/srv/detail/set_pen__rosidl_typesupport_fastrtps_c.h
[22.532s] -- Installing: /home/abisop-nvme/project_debugger/robo-perf/ros2_ws/install/turtlesim/include/turtlesim/turtlesim/srv/detail/kill__rosidl_typesupport_fastrtps_c.h
[22.532s] -- Installing: /home/abisop-nvme/project_debugger/robo-perf/ros2_ws/install/turtlesim/include/turtlesim/turtlesim/srv/detail/teleport_relative__rosidl_typesupport_fastrtps_c.h
[22.532s] -- Up-to-date: /home/abisop-nvme/project_debugger/robo-perf/ros2_ws/install/turtlesim/include/turtlesim/turtlesim/action
[22.532s] -- Up-to-date: /home/abisop-nvme/project_debugger/robo-perf/ros2_ws/install/turtlesim/include/turtlesim/turtlesim/action/detail
[22.532s] -- Installing: /home/abisop-nvme/project_debugger/robo-perf/ros2_ws/install/turtlesim/include/turtlesim/turtlesim/action/detail/rotate_absolute__rosidl_typesupport_fastrtps_c.h
[22.532s] -- Up-to-date: /home/abisop-nvme/project_debugger/robo-perf/ros2_ws/install/turtlesim/include/turtlesim/turtlesim/msg
[22.532s] -- Up-to-date: /home/abisop-nvme/project_debugger/robo-perf/ros2_ws/install/turtlesim/include/turtlesim/turtlesim/msg/detail
[22.532s] -- Installing: /home/abisop-nvme/project_debugger/robo-perf/ros2_ws/install/turtlesim/include/turtlesim/turtlesim/msg/detail/pose__rosidl_typesupport_fastrtps_c.h
[22.532s] -- Installing: /home/abisop-nvme/project_debugger/robo-perf/ros2_ws/install/turtlesim/include/turtlesim/turtlesim/msg/detail/color__rosidl_typesupport_fastrtps_c.h
[22.532s] -- Installing: /home/abisop-nvme/project_debugger/robo-perf/ros2_ws/install/turtlesim/include/turtlesim/turtlesim/msg/rosidl_typesupport_fastrtps_c__visibility_control.h
[22.532s] -- Installing: /home/abisop-nvme/project_debugger/robo-perf/ros2_ws/install/turtlesim/lib/libturtlesim__rosidl_typesupport_fastrtps_c.so
[22.532s] -- Set runtime path of "/home/abisop-nvme/project_debugger/robo-perf/ros2_ws/install/turtlesim/lib/libturtlesim__rosidl_typesupport_fastrtps_c.so" to ""
[22.532s] -- Up-to-date: /home/abisop-nvme/project_debugger/robo-perf/ros2_ws/install/turtlesim/include/turtlesim/turtlesim
[22.533s] -- Up-to-date: /home/abisop-nvme/project_debugger/robo-perf/ros2_ws/install/turtlesim/include/turtlesim/turtlesim/srv
[22.533s] -- Installing: /home/abisop-nvme/project_debugger/robo-perf/ros2_ws/install/turtlesim/include/turtlesim/turtlesim/srv/spawn.hpp
[22.533s] -- Installing: /home/abisop-nvme/project_debugger/robo-perf/ros2_ws/install/turtlesim/include/turtlesim/turtlesim/srv/kill.hpp
[22.533s] -- Installing: /home/abisop-nvme/project_debugger/robo-perf/ros2_ws/install/turtlesim/include/turtlesim/turtlesim/srv/teleport_relative.hpp
[22.533s] -- Up-to-date: /home/abisop-nvme/project_debugger/robo-perf/ros2_ws/install/turtlesim/include/turtlesim/turtlesim/srv/detail
[22.533s] -- Installing: /home/abisop-nvme/project_debugger/robo-perf/ros2_ws/install/turtlesim/include/turtlesim/turtlesim/srv/detail/set_pen__struct.hpp
[22.533s] -- Installing: /home/abisop-nvme/project_debugger/robo-perf/ros2_ws/install/turtlesim/include/turtlesim/turtlesim/srv/detail/teleport_relative__struct.hpp
[22.533s] -- Installing: /home/abisop-nvme/project_debugger/robo-perf/ros2_ws/install/turtlesim/include/turtlesim/turtlesim/srv/detail/spawn__builder.hpp
[22.533s] -- Installing: /home/abisop-nvme/project_debugger/robo-perf/ros2_ws/install/turtlesim/include/turtlesim/turtlesim/srv/detail/teleport_absolute__builder.hpp
[22.533s] -- Installing: /home/abisop-nvme/project_debugger/robo-perf/ros2_ws/install/turtlesim/include/turtlesim/turtlesim/srv/detail/teleport_absolute__struct.hpp
[22.533s] -- Installing: /home/abisop-nvme/project_debugger/robo-perf/ros2_ws/install/turtlesim/include/turtlesim/turtlesim/srv/detail/spawn__struct.hpp
[22.533s] -- Installing: /home/abisop-nvme/project_debugger/robo-perf/ros2_ws/install/turtlesim/include/turtlesim/turtlesim/srv/detail/teleport_relative__traits.hpp
[22.533s] -- Installing: /home/abisop-nvme/project_debugger/robo-perf/ros2_ws/install/turtlesim/include/turtlesim/turtlesim/srv/detail/kill__struct.hpp
[22.533s] -- Installing: /home/abisop-nvme/project_debugger/robo-perf/ros2_ws/install/turtlesim/include/turtlesim/turtlesim/srv/detail/kill__builder.hpp
[22.533s] -- Installing: /home/abisop-nvme/project_debugger/robo-perf/ros2_ws/install/turtlesim/include/turtlesim/turtlesim/srv/detail/teleport_absolute__traits.hpp
[22.533s] -- Installing: /home/abisop-nvme/project_debugger/robo-perf/ros2_ws/install/turtlesim/include/turtlesim/turtlesim/srv/detail/teleport_relative__builder.hpp
[22.533s] -- Installing: /home/abisop-nvme/project_debugger/robo-perf/ros2_ws/install/turtlesim/include/turtlesim/turtlesim/srv/detail/kill__traits.hpp
[22.534s] -- Installing: /home/abisop-nvme/project_debugger/robo-perf/ros2_ws/install/turtlesim/include/turtlesim/turtlesim/srv/detail/set_pen__builder.hpp
[22.534s] -- Installing: /home/abisop-nvme/project_debugger/robo-perf/ros2_ws/install/turtlesim/include/turtlesim/turtlesim/srv/detail/set_pen__traits.hpp
[22.534s] -- Installing: /home/abisop-nvme/project_debugger/robo-perf/ros2_ws/install/turtlesim/include/turtlesim/turtlesim/srv/detail/spawn__traits.hpp
[22.534s] -- Installing: /home/abisop-nvme/project_debugger/robo-perf/ros2_ws/install/turtlesim/include/turtlesim/turtlesim/srv/teleport_absolute.hpp
[22.534s] -- Installing: /home/abisop-nvme/project_debugger/robo-perf/ros2_ws/install/turtlesim/include/turtlesim/turtlesim/srv/set_pen.hpp
[22.534s] -- Up-to-date: /home/abisop-nvme/project_debugger/robo-perf/ros2_ws/install/turtlesim/include/turtlesim/turtlesim/action
[22.534s] -- Installing: /home/abisop-nvme/project_debugger/robo-perf/ros2_ws/install/turtlesim/include/turtlesim/turtlesim/action/rotate_absolute.hpp
[22.534s] -- Up-to-date: /home/abisop-nvme/project_debugger/robo-perf/ros2_ws/install/turtlesim/include/turtlesim/turtlesim/action/detail
[22.534s] -- Installing: /home/abisop-nvme/project_debugger/robo-perf/ros2_ws/install/turtlesim/include/turtlesim/turtlesim/action/detail/rotate_absolute__traits.hpp
[22.534s] -- Installing: /home/abisop-nvme/project_debugger/robo-perf/ros2_ws/install/turtlesim/include/turtlesim/turtlesim/action/detail/rotate_absolute__struct.hpp
[22.534s] -- Installing: /home/abisop-nvme/project_debugger/robo-perf/ros2_ws/install/turtlesim/include/turtlesim/turtlesim/action/detail/rotate_absolute__builder.hpp
[22.534s] -- Up-to-date: /home/abisop-nvme/project_debugger/robo-perf/ros2_ws/install/turtlesim/include/turtlesim/turtlesim/msg
[22.534s] -- Up-to-date: /home/abisop-nvme/project_debugger/robo-perf/ros2_ws/install/turtlesim/include/turtlesim/turtlesim/msg/detail
[22.534s] -- Installing: /home/abisop-nvme/project_debugger/robo-perf/ros2_ws/install/turtlesim/include/turtlesim/turtlesim/msg/detail/pose__traits.hpp
[22.534s] -- Installing: /home/abisop-nvme/project_debugger/robo-perf/ros2_ws/install/turtlesim/include/turtlesim/turtlesim/msg/detail/color__builder.hpp
[22.534s] -- Installing: /home/abisop-nvme/project_debugger/robo-perf/ros2_ws/install/turtlesim/include/turtlesim/turtlesim/msg/detail/color__struct.hpp
[22.535s] -- Installing: /home/abisop-nvme/project_debugger/robo-perf/ros2_ws/install/turtlesim/include/turtlesim/turtlesim/msg/detail/color__traits.hpp
[22.535s] -- Installing: /home/abisop-nvme/project_debugger/robo-perf/ros2_ws/install/turtlesim/include/turtlesim/turtlesim/msg/detail/pose__builder.hpp
[22.535s] -- Installing: /home/abisop-nvme/project_debugger/robo-perf/ros2_ws/install/turtlesim/include/turtlesim/turtlesim/msg/detail/pose__struct.hpp
[22.535s] -- Installing: /home/abisop-nvme/project_debugger/robo-perf/ros2_ws/install/turtlesim/include/turtlesim/turtlesim/msg/pose.hpp
[22.535s] -- Installing: /home/abisop-nvme/project_debugger/robo-perf/ros2_ws/install/turtlesim/include/turtlesim/turtlesim/msg/color.hpp
[22.535s] -- Up-to-date: /home/abisop-nvme/project_debugger/robo-perf/ros2_ws/install/turtlesim/include/turtlesim/turtlesim
[22.535s] -- Up-to-date: /home/abisop-nvme/project_debugger/robo-perf/ros2_ws/install/turtlesim/include/turtlesim/turtlesim/srv
[22.535s] -- Up-to-date: /home/abisop-nvme/project_debugger/robo-perf/ros2_ws/install/turtlesim/include/turtlesim/turtlesim/srv/detail
[22.535s] -- Installing: /home/abisop-nvme/project_debugger/robo-perf/ros2_ws/install/turtlesim/include/turtlesim/turtlesim/srv/detail/teleport_relative__rosidl_typesupport_fastrtps_cpp.hpp
[22.535s] -- Installing: /home/abisop-nvme/project_debugger/robo-perf/ros2_ws/install/turtlesim/include/turtlesim/turtlesim/srv/detail/kill__rosidl_typesupport_fastrtps_cpp.hpp
[22.535s] -- Installing: /home/abisop-nvme/project_debugger/robo-perf/ros2_ws/install/turtlesim/include/turtlesim/turtlesim/srv/detail/teleport_absolute__rosidl_typesupport_fastrtps_cpp.hpp
[22.535s] -- Installing: /home/abisop-nvme/project_debugger/robo-perf/ros2_ws/install/turtlesim/include/turtlesim/turtlesim/srv/detail/dds_fastrtps
[22.535s] -- Installing: /home/abisop-nvme/project_debugger/robo-perf/ros2_ws/install/turtlesim/include/turtlesim/turtlesim/srv/detail/spawn__rosidl_typesupport_fastrtps_cpp.hpp
[22.535s] -- Installing: /home/abisop-nvme/project_debugger/robo-perf/ros2_ws/install/turtlesim/include/turtlesim/turtlesim/srv/detail/set_pen__rosidl_typesupport_fastrtps_cpp.hpp
[22.535s] -- Up-to-date: /home/abisop-nvme/project_debugger/robo-perf/ros2_ws/install/turtlesim/include/turtlesim/turtlesim/action
[22.535s] -- Up-to-date: /home/abisop-nvme/project_debugger/robo-perf/ros2_ws/install/turtlesim/include/turtlesim/turtlesim/action/detail
[22.535s] -- Installing: /home/abisop-nvme/project_debugger/robo-perf/ros2_ws/install/turtlesim/include/turtlesim/turtlesim/action/detail/dds_fastrtps
[22.535s] -- Installing: /home/abisop-nvme/project_debugger/robo-perf/ros2_ws/install/turtlesim/include/turtlesim/turtlesim/action/detail/rotate_absolute__rosidl_typesupport_fastrtps_cpp.hpp
[22.535s] -- Up-to-date: /home/abisop-nvme/project_debugger/robo-perf/ros2_ws/install/turtlesim/include/turtlesim/turtlesim/msg
[22.536s] -- Up-to-date: /home/abisop-nvme/project_debugger/robo-perf/ros2_ws/install/turtlesim/include/turtlesim/turtlesim/msg/detail
[22.536s] -- Installing: /home/abisop-nvme/project_debugger/robo-perf/ros2_ws/install/turtlesim/include/turtlesim/turtlesim/msg/detail/dds_fastrtps
[22.536s] -- Installing: /home/abisop-nvme/project_debugger/robo-perf/ros2_ws/install/turtlesim/include/turtlesim/turtlesim/msg/detail/color__rosidl_typesupport_fastrtps_cpp.hpp
[22.536s] -- Installing: /home/abisop-nvme/project_debugger/robo-perf/ros2_ws/install/turtlesim/include/turtlesim/turtlesim/msg/detail/pose__rosidl_typesupport_fastrtps_cpp.hpp
[22.536s] -- Installing: /home/abisop-nvme/project_debugger/robo-perf/ros2_ws/install/turtlesim/include/turtlesim/turtlesim/msg/rosidl_typesupport_fastrtps_cpp__visibility_control.h
[22.536s] -- Installing: /home/abisop-nvme/project_debugger/robo-perf/ros2_ws/install/turtlesim/lib/libturtlesim__rosidl_typesupport_fastrtps_cpp.so
[22.536s] -- Set runtime path of "/home/abisop-nvme/project_debugger/robo-perf/ros2_ws/install/turtlesim/lib/libturtlesim__rosidl_typesupport_fastrtps_cpp.so" to ""
[22.536s] -- Up-to-date: /home/abisop-nvme/project_debugger/robo-perf/ros2_ws/install/turtlesim/include/turtlesim/turtlesim
[22.536s] -- Up-to-date: /home/abisop-nvme/project_debugger/robo-perf/ros2_ws/install/turtlesim/include/turtlesim/turtlesim/srv
[22.536s] -- Up-to-date: /home/abisop-nvme/project_debugger/robo-perf/ros2_ws/install/turtlesim/include/turtlesim/turtlesim/srv/detail
[22.536s] -- Installing: /home/abisop-nvme/project_debugger/robo-perf/ros2_ws/install/turtlesim/include/turtlesim/turtlesim/srv/detail/kill__type_support.c
[22.536s] -- Installing: /home/abisop-nvme/project_debugger/robo-perf/ros2_ws/install/turtlesim/include/turtlesim/turtlesim/srv/detail/teleport_absolute__rosidl_typesupport_introspection_c.h
[22.536s] -- Installing: /home/abisop-nvme/project_debugger/robo-perf/ros2_ws/install/turtlesim/include/turtlesim/turtlesim/srv/detail/teleport_relative__type_support.c
[22.536s] -- Installing: /home/abisop-nvme/project_debugger/robo-perf/ros2_ws/install/turtlesim/include/turtlesim/turtlesim/srv/detail/set_pen__type_support.c
[22.536s] -- Installing: /home/abisop-nvme/project_debugger/robo-perf/ros2_ws/install/turtlesim/include/turtlesim/turtlesim/srv/detail/teleport_relative__rosidl_typesupport_introspection_c.h
[22.536s] -- Installing: /home/abisop-nvme/project_debugger/robo-perf/ros2_ws/install/turtlesim/include/turtlesim/turtlesim/srv/detail/spawn__rosidl_typesupport_introspection_c.h
[22.537s] -- Installing: /home/abisop-nvme/project_debugger/robo-perf/ros2_ws/install/turtlesim/include/turtlesim/turtlesim/srv/detail/kill__rosidl_typesupport_introspection_c.h
[22.537s] -- Installing: /home/abisop-nvme/project_debugger/robo-perf/ros2_ws/install/turtlesim/include/turtlesim/turtlesim/srv/detail/spawn__type_support.c
[22.537s] -- Installing: /home/abisop-nvme/project_debugger/robo-perf/ros2_ws/install/turtlesim/include/turtlesim/turtlesim/srv/detail/teleport_absolute__type_support.c
[22.537s] -- Installing: /home/abisop-nvme/project_debugger/robo-perf/ros2_ws/install/turtlesim/include/turtlesim/turtlesim/srv/detail/set_pen__rosidl_typesupport_introspection_c.h
[22.537s] -- Up-to-date: /home/abisop-nvme/project_debugger/robo-perf/ros2_ws/install/turtlesim/include/turtlesim/turtlesim/action
[22.537s] -- Up-to-date: /home/abisop-nvme/project_debugger/robo-perf/ros2_ws/install/turtlesim/include/turtlesim/turtlesim/action/detail
[22.537s] -- Installing: /home/abisop-nvme/project_debugger/robo-perf/ros2_ws/install/turtlesim/include/turtlesim/turtlesim/action/detail/rotate_absolute__type_support.c
[22.537s] -- Installing: /home/abisop-nvme/project_debugger/robo-perf/ros2_ws/install/turtlesim/include/turtlesim/turtlesim/action/detail/rotate_absolute__rosidl_typesupport_introspection_c.h
[22.537s] -- Up-to-date: /home/abisop-nvme/project_debugger/robo-perf/ros2_ws/install/turtlesim/include/turtlesim/turtlesim/msg
[22.537s] -- Up-to-date: /home/abisop-nvme/project_debugger/robo-perf/ros2_ws/install/turtlesim/include/turtlesim/turtlesim/msg/detail
[22.537s] -- Installing: /home/abisop-nvme/project_debugger/robo-perf/ros2_ws/install/turtlesim/include/turtlesim/turtlesim/msg/detail/pose__type_support.c
[22.537s] -- Installing: /home/abisop-nvme/project_debugger/robo-perf/ros2_ws/install/turtlesim/include/turtlesim/turtlesim/msg/detail/color__type_support.c
[22.537s] -- Installing: /home/abisop-nvme/project_debugger/robo-perf/ros2_ws/install/turtlesim/include/turtlesim/turtlesim/msg/detail/pose__rosidl_typesupport_introspection_c.h
[22.537s] -- Installing: /home/abisop-nvme/project_debugger/robo-perf/ros2_ws/install/turtlesim/include/turtlesim/turtlesim/msg/detail/color__rosidl_typesupport_introspection_c.h
[22.537s] -- Installing: /home/abisop-nvme/project_debugger/robo-perf/ros2_ws/install/turtlesim/include/turtlesim/turtlesim/msg/rosidl_typesupport_introspection_c__visibility_control.h
[22.537s] -- Installing: /home/abisop-nvme/project_debugger/robo-perf/ros2_ws/install/turtlesim/lib/libturtlesim__rosidl_typesupport_introspection_c.so
[22.538s] -- Set runtime path of "/home/abisop-nvme/project_debugger/robo-perf/ros2_ws/install/turtlesim/lib/libturtlesim__rosidl_typesupport_introspection_c.so" to ""
[22.538s] -- Installing: /home/abisop-nvme/project_debugger/robo-perf/ros2_ws/install/turtlesim/lib/libturtlesim__rosidl_typesupport_c.so
[22.538s] -- Set runtime path of "/home/abisop-nvme/project_debugger/robo-perf/ros2_ws/install/turtlesim/lib/libturtlesim__rosidl_typesupport_c.so" to ""
[22.538s] -- Up-to-date: /home/abisop-nvme/project_debugger/robo-perf/ros2_ws/install/turtlesim/include/turtlesim/turtlesim
[22.538s] -- Up-to-date: /home/abisop-nvme/project_debugger/robo-perf/ros2_ws/install/turtlesim/include/turtlesim/turtlesim/srv
[22.538s] -- Up-to-date: /home/abisop-nvme/project_debugger/robo-perf/ros2_ws/install/turtlesim/include/turtlesim/turtlesim/srv/detail
[22.538s] -- Installing: /home/abisop-nvme/project_debugger/robo-perf/ros2_ws/install/turtlesim/include/turtlesim/turtlesim/srv/detail/teleport_absolute__type_support.cpp
[22.538s] -- Installing: /home/abisop-nvme/project_debugger/robo-perf/ros2_ws/install/turtlesim/include/turtlesim/turtlesim/srv/detail/spawn__type_support.cpp
[22.538s] -- Installing: /home/abisop-nvme/project_debugger/robo-perf/ros2_ws/install/turtlesim/include/turtlesim/turtlesim/srv/detail/kill__type_support.cpp
[22.538s] -- Installing: /home/abisop-nvme/project_debugger/robo-perf/ros2_ws/install/turtlesim/include/turtlesim/turtlesim/srv/detail/set_pen__rosidl_typesupport_introspection_cpp.hpp
[22.538s] -- Installing: /home/abisop-nvme/project_debugger/robo-perf/ros2_ws/install/turtlesim/include/turtlesim/turtlesim/srv/detail/teleport_absolute__rosidl_typesupport_introspection_cpp.hpp
[22.538s] -- Installing: /home/abisop-nvme/project_debugger/robo-perf/ros2_ws/install/turtlesim/include/turtlesim/turtlesim/srv/detail/spawn__rosidl_typesupport_introspection_cpp.hpp
[22.538s] -- Installing: /home/abisop-nvme/project_debugger/robo-perf/ros2_ws/install/turtlesim/include/turtlesim/turtlesim/srv/detail/set_pen__type_support.cpp
[22.538s] -- Installing: /home/abisop-nvme/project_debugger/robo-perf/ros2_ws/install/turtlesim/include/turtlesim/turtlesim/srv/detail/kill__rosidl_typesupport_introspection_cpp.hpp
[22.539s] -- Installing: /home/abisop-nvme/project_debugger/robo-perf/ros2_ws/install/turtlesim/include/turtlesim/turtlesim/srv/detail/teleport_relative__type_support.cpp
[22.539s] -- Installing: /home/abisop-nvme/project_debugger/robo-perf/ros2_ws/install/turtlesim/include/turtlesim/turtlesim/srv/detail/teleport_relative__rosidl_typesupport_introspection_cpp.hpp
[22.539s] -- Up-to-date: /home/abisop-nvme/project_debugger/robo-perf/ros2_ws/install/turtlesim/include/turtlesim/turtlesim/action
[22.539s] -- Up-to-date: /home/abisop-nvme/project_debugger/robo-perf/ros2_ws/install/turtlesim/include/turtlesim/turtlesim/action/detail
[22.539s] -- Installing: /home/abisop-nvme/project_debugger/robo-perf/ros2_ws/install/turtlesim/include/turtlesim/turtlesim/action/detail/rotate_absolute__type_support.cpp
[22.539s] -- Installing: /home/abisop-nvme/project_debugger/robo-perf/ros2_ws/install/turtlesim/include/turtlesim/turtlesim/action/detail/rotate_absolute__rosidl_typesupport_introspection_cpp.hpp
[22.539s] -- Up-to-date: /home/abisop-nvme/project_debugger/robo-perf/ros2_ws/install/turtlesim/include/turtlesim/turtlesim/msg
[22.539s] -- Up-to-date: /home/abisop-nvme/project_debugger/robo-perf/ros2_ws/install/turtlesim/include/turtlesim/turtlesim/msg/detail
[22.539s] -- Installing: /home/abisop-nvme/project_debugger/robo-perf/ros2_ws/install/turtlesim/include/turtlesim/turtlesim/msg/detail/color__type_support.cpp
[22.539s] -- Installing: /home/abisop-nvme/project_debugger/robo-perf/ros2_ws/install/turtlesim/include/turtlesim/turtlesim/msg/detail/pose__rosidl_typesupport_introspection_cpp.hpp
[22.539s] -- Installing: /home/abisop-nvme/project_debugger/robo-perf/ros2_ws/install/turtlesim/include/turtlesim/turtlesim/msg/detail/color__rosidl_typesupport_introspection_cpp.hpp
[22.539s] -- Installing: /home/abisop-nvme/project_debugger/robo-perf/ros2_ws/install/turtlesim/include/turtlesim/turtlesim/msg/detail/pose__type_support.cpp
[22.539s] -- Installing: /home/abisop-nvme/project_debugger/robo-perf/ros2_ws/install/turtlesim/lib/libturtlesim__rosidl_typesupport_introspection_cpp.so
[22.539s] -- Set runtime path of "/home/abisop-nvme/project_debugger/robo-perf/ros2_ws/install/turtlesim/lib/libturtlesim__rosidl_typesupport_introspection_cpp.so" to ""
[22.540s] -- Installing: /home/abisop-nvme/project_debugger/robo-perf/ros2_ws/install/turtlesim/lib/libturtlesim__rosidl_typesupport_cpp.so
[22.540s] -- Set runtime path of "/home/abisop-nvme/project_debugger/robo-perf/ros2_ws/install/turtlesim/lib/libturtlesim__rosidl_typesupport_cpp.so" to ""
[22.540s] -- Installing: /home/abisop-nvme/project_debugger/robo-perf/ros2_ws/install/turtlesim/share/turtlesim/environment/pythonpath.sh
[22.540s] -- Installing: /home/abisop-nvme/project_debugger/robo-perf/ros2_ws/install/turtlesim/share/turtlesim/environment/pythonpath.dsv
[22.540s] -- Installing: /home/abisop-nvme/project_debugger/robo-perf/ros2_ws/install/turtlesim/local/lib/python3.10/dist-packages/turtlesim-1.4.2-py3.10.egg-info
[22.540s] -- Installing: /home/abisop-nvme/project_debugger/robo-perf/ros2_ws/install/turtlesim/local/lib/python3.10/dist-packages/turtlesim-1.4.2-py3.10.egg-info/top_level.txt
[22.540s] -- Installing: /home/abisop-nvme/project_debugger/robo-perf/ros2_ws/install/turtlesim/local/lib/python3.10/dist-packages/turtlesim-1.4.2-py3.10.egg-info/PKG-INFO
[22.540s] -- Installing: /home/abisop-nvme/project_debugger/robo-perf/ros2_ws/install/turtlesim/local/lib/python3.10/dist-packages/turtlesim-1.4.2-py3.10.egg-info/SOURCES.txt
[22.540s] -- Installing: /home/abisop-nvme/project_debugger/robo-perf/ros2_ws/install/turtlesim/local/lib/python3.10/dist-packages/turtlesim-1.4.2-py3.10.egg-info/dependency_links.txt
[22.540s] -- Installing: /home/abisop-nvme/project_debugger/robo-perf/ros2_ws/install/turtlesim/local/lib/python3.10/dist-packages/turtlesim
[22.540s] -- Installing: /home/abisop-nvme/project_debugger/robo-perf/ros2_ws/install/turtlesim/local/lib/python3.10/dist-packages/turtlesim/_turtlesim_s.ep.rosidl_typesupport_fastrtps_c.c
[22.541s] -- Installing: /home/abisop-nvme/project_debugger/robo-perf/ros2_ws/install/turtlesim/local/lib/python3.10/dist-packages/turtlesim/turtlesim_s__rosidl_typesupport_c.cpython-310-x86_64-linux-gnu.so
[22.541s] -- Installing: /home/abisop-nvme/project_debugger/robo-perf/ros2_ws/install/turtlesim/local/lib/python3.10/dist-packages/turtlesim/__init__.py
[22.541s] -- Installing: /home/abisop-nvme/project_debugger/robo-perf/ros2_ws/install/turtlesim/local/lib/python3.10/dist-packages/turtlesim/srv
[22.541s] -- Installing: /home/abisop-nvme/project_debugger/robo-perf/ros2_ws/install/turtlesim/local/lib/python3.10/dist-packages/turtlesim/srv/_teleport_absolute.py
[22.541s] -- Installing: /home/abisop-nvme/project_debugger/robo-perf/ros2_ws/install/turtlesim/local/lib/python3.10/dist-packages/turtlesim/srv/_teleport_relative_s.c
[22.541s] -- Installing: /home/abisop-nvme/project_debugger/robo-perf/ros2_ws/install/turtlesim/local/lib/python3.10/dist-packages/turtlesim/srv/__init__.py
[22.541s] -- Installing: /home/abisop-nvme/project_debugger/robo-perf/ros2_ws/install/turtlesim/local/lib/python3.10/dist-packages/turtlesim/srv/_kill_s.c
[22.541s] -- Installing: /home/abisop-nvme/project_debugger/robo-perf/ros2_ws/install/turtlesim/local/lib/python3.10/dist-packages/turtlesim/srv/_spawn.py
[22.541s] -- Installing: /home/abisop-nvme/project_debugger/robo-perf/ros2_ws/install/turtlesim/local/lib/python3.10/dist-packages/turtlesim/srv/_set_pen_s.c
[22.541s] -- Installing: /home/abisop-nvme/project_debugger/robo-perf/ros2_ws/install/turtlesim/local/lib/python3.10/dist-packages/turtlesim/srv/_set_pen.py
[22.541s] -- Installing: /home/abisop-nvme/project_debugger/robo-perf/ros2_ws/install/turtlesim/local/lib/python3.10/dist-packages/turtlesim/srv/_spawn_s.c
[22.541s] -- Installing: /home/abisop-nvme/project_debugger/robo-perf/ros2_ws/install/turtlesim/local/lib/python3.10/dist-packages/turtlesim/srv/_teleport_relative.py
[22.541s] -- Installing: /home/abisop-nvme/project_debugger/robo-perf/ros2_ws/install/turtlesim/local/lib/python3.10/dist-packages/turtlesim/srv/_teleport_absolute_s.c
[22.541s] -- Installing: /home/abisop-nvme/project_debugger/robo-perf/ros2_ws/install/turtlesim/local/lib/python3.10/dist-packages/turtlesim/srv/_kill.py
[22.541s] -- Installing: /home/abisop-nvme/project_debugger/robo-perf/ros2_ws/install/turtlesim/local/lib/python3.10/dist-packages/turtlesim/action
[22.542s] -- Installing: /home/abisop-nvme/project_debugger/robo-perf/ros2_ws/install/turtlesim/local/lib/python3.10/dist-packages/turtlesim/action/__init__.py
[22.542s] -- Installing: /home/abisop-nvme/project_debugger/robo-perf/ros2_ws/install/turtlesim/local/lib/python3.10/dist-packages/turtlesim/action/_rotate_absolute.py
[22.542s] -- Installing: /home/abisop-nvme/project_debugger/robo-perf/ros2_ws/install/turtlesim/local/lib/python3.10/dist-packages/turtlesim/action/_rotate_absolute_s.c
[22.542s] -- Installing: /home/abisop-nvme/project_debugger/robo-perf/ros2_ws/install/turtlesim/local/lib/python3.10/dist-packages/turtlesim/msg
[22.542s] -- Installing: /home/abisop-nvme/project_debugger/robo-perf/ros2_ws/install/turtlesim/local/lib/python3.10/dist-packages/turtlesim/msg/__init__.py
[22.542s] -- Installing: /home/abisop-nvme/project_debugger/robo-perf/ros2_ws/install/turtlesim/local/lib/python3.10/dist-packages/turtlesim/msg/_color_s.c
[22.542s] -- Installing: /home/abisop-nvme/project_debugger/robo-perf/ros2_ws/install/turtlesim/local/lib/python3.10/dist-packages/turtlesim/msg/_color.py
[22.542s] -- Installing: /home/abisop-nvme/project_debugger/robo-perf/ros2_ws/install/turtlesim/local/lib/python3.10/dist-packages/turtlesim/msg/_pose_s.c
[22.542s] -- Installing: /home/abisop-nvme/project_debugger/robo-perf/ros2_ws/install/turtlesim/local/lib/python3.10/dist-packages/turtlesim/msg/_pose.py
[22.542s] -- Installing: /home/abisop-nvme/project_debugger/robo-perf/ros2_ws/install/turtlesim/local/lib/python3.10/dist-packages/turtlesim/_turtlesim_s.ep.rosidl_typesupport_c.c
[22.542s] -- Installing: /home/abisop-nvme/project_debugger/robo-perf/ros2_ws/install/turtlesim/local/lib/python3.10/dist-packages/turtlesim/turtlesim_s__rosidl_typesupport_introspection_c.cpython-310-x86_64-linux-gnu.so
[22.542s] -- Installing: /home/abisop-nvme/project_debugger/robo-perf/ros2_ws/install/turtlesim/local/lib/python3.10/dist-packages/turtlesim/_turtlesim_s.ep.rosidl_typesupport_introspection_c.c
[22.542s] -- Installing: /home/abisop-nvme/project_debugger/robo-perf/ros2_ws/install/turtlesim/local/lib/python3.10/dist-packages/turtlesim/turtlesim_s__rosidl_typesupport_fastrtps_c.cpython-310-x86_64-linux-gnu.so
[22.543s] -- Installing: /home/abisop-nvme/project_debugger/robo-perf/ros2_ws/install/turtlesim/local/lib/python3.10/dist-packages/turtlesim/libturtlesim__rosidl_generator_py.so
[22.581s] Listing '/home/abisop-nvme/project_debugger/robo-perf/ros2_ws/install/turtlesim/local/lib/python3.10/dist-packages/turtlesim'...
[22.581s] Compiling '/home/abisop-nvme/project_debugger/robo-perf/ros2_ws/install/turtlesim/local/lib/python3.10/dist-packages/turtlesim/__init__.py'...
[22.581s] Listing '/home/abisop-nvme/project_debugger/robo-perf/ros2_ws/install/turtlesim/local/lib/python3.10/dist-packages/turtlesim/action'...
[22.581s] Compiling '/home/abisop-nvme/project_debugger/robo-perf/ros2_ws/install/turtlesim/local/lib/python3.10/dist-packages/turtlesim/action/__init__.py'...
[22.581s] Compiling '/home/abisop-nvme/project_debugger/robo-perf/ros2_ws/install/turtlesim/local/lib/python3.10/dist-packages/turtlesim/action/_rotate_absolute.py'...
[22.581s] Listing '/home/abisop-nvme/project_debugger/robo-perf/ros2_ws/install/turtlesim/local/lib/python3.10/dist-packages/turtlesim/msg'...
[22.581s] Compiling '/home/abisop-nvme/project_debugger/robo-perf/ros2_ws/install/turtlesim/local/lib/python3.10/dist-packages/turtlesim/msg/__init__.py'...
[22.581s] Compiling '/home/abisop-nvme/project_debugger/robo-perf/ros2_ws/install/turtlesim/local/lib/python3.10/dist-packages/turtlesim/msg/_color.py'...
[22.581s] Compiling '/home/abisop-nvme/project_debugger/robo-perf/ros2_ws/install/turtlesim/local/lib/python3.10/dist-packages/turtlesim/msg/_pose.py'...
[22.581s] Listing '/home/abisop-nvme/project_debugger/robo-perf/ros2_ws/install/turtlesim/local/lib/python3.10/dist-packages/turtlesim/srv'...
[22.581s] Compiling '/home/abisop-nvme/project_debugger/robo-perf/ros2_ws/install/turtlesim/local/lib/python3.10/dist-packages/turtlesim/srv/__init__.py'...
[22.582s] Compiling '/home/abisop-nvme/project_debugger/robo-perf/ros2_ws/install/turtlesim/local/lib/python3.10/dist-packages/turtlesim/srv/_kill.py'...
[22.582s] Compiling '/home/abisop-nvme/project_debugger/robo-perf/ros2_ws/install/turtlesim/local/lib/python3.10/dist-packages/turtlesim/srv/_set_pen.py'...
[22.582s] Compiling '/home/abisop-nvme/project_debugger/robo-perf/ros2_ws/install/turtlesim/local/lib/python3.10/dist-packages/turtlesim/srv/_spawn.py'...
[22.582s] Compiling '/home/abisop-nvme/project_debugger/robo-perf/ros2_ws/install/turtlesim/local/lib/python3.10/dist-packages/turtlesim/srv/_teleport_absolute.py'...
[22.582s] Compiling '/home/abisop-nvme/project_debugger/robo-perf/ros2_ws/install/turtlesim/local/lib/python3.10/dist-packages/turtlesim/srv/_teleport_relative.py'...
[22.585s] -- Installing: /home/abisop-nvme/project_debugger/robo-perf/ros2_ws/install/turtlesim/local/lib/python3.10/dist-packages/turtlesim/turtlesim_s__rosidl_typesupport_fastrtps_c.cpython-310-x86_64-linux-gnu.so
[22.585s] -- Set runtime path of "/home/abisop-nvme/project_debugger/robo-perf/ros2_ws/install/turtlesim/local/lib/python3.10/dist-packages/turtlesim/turtlesim_s__rosidl_typesupport_fastrtps_c.cpython-310-x86_64-linux-gnu.so" to ""
[22.585s] -- Installing: /home/abisop-nvme/project_debugger/robo-perf/ros2_ws/install/turtlesim/local/lib/python3.10/dist-packages/turtlesim/turtlesim_s__rosidl_typesupport_introspection_c.cpython-310-x86_64-linux-gnu.so
[22.585s] -- Set runtime path of "/home/abisop-nvme/project_debugger/robo-perf/ros2_ws/install/turtlesim/local/lib/python3.10/dist-packages/turtlesim/turtlesim_s__rosidl_typesupport_introspection_c.cpython-310-x86_64-linux-gnu.so" to ""
[22.586s] -- Installing: /home/abisop-nvme/project_debugger/robo-perf/ros2_ws/install/turtlesim/local/lib/python3.10/dist-packages/turtlesim/turtlesim_s__rosidl_typesupport_c.cpython-310-x86_64-linux-gnu.so
[22.586s] -- Set runtime path of "/home/abisop-nvme/project_debugger/robo-perf/ros2_ws/install/turtlesim/local/lib/python3.10/dist-packages/turtlesim/turtlesim_s__rosidl_typesupport_c.cpython-310-x86_64-linux-gnu.so" to ""
[22.586s] -- Installing: /home/abisop-nvme/project_debugger/robo-perf/ros2_ws/install/turtlesim/lib/libturtlesim__rosidl_generator_py.so
[22.586s] -- Set runtime path of "/home/abisop-nvme/project_debugger/robo-perf/ros2_ws/install/turtlesim/lib/libturtlesim__rosidl_generator_py.so" to ""
[22.586s] -- Installing: /home/abisop-nvme/project_debugger/robo-perf/ros2_ws/install/turtlesim/share/turtlesim/action/RotateAbsolute.idl
[22.586s] -- Installing: /home/abisop-nvme/project_debugger/robo-perf/ros2_ws/install/turtlesim/share/turtlesim/msg/Color.idl
[22.586s] -- Installing: /home/abisop-nvme/project_debugger/robo-perf/ros2_ws/install/turtlesim/share/turtlesim/msg/Pose.idl
[22.586s] -- Installing: /home/abisop-nvme/project_debugger/robo-perf/ros2_ws/install/turtlesim/share/turtlesim/srv/Kill.idl
[22.586s] -- Installing: /home/abisop-nvme/project_debugger/robo-perf/ros2_ws/install/turtlesim/share/turtlesim/srv/SetPen.idl
[22.587s] -- Installing: /home/abisop-nvme/project_debugger/robo-perf/ros2_ws/install/turtlesim/share/turtlesim/srv/Spawn.idl
[22.587s] -- Installing: /home/abisop-nvme/project_debugger/robo-perf/ros2_ws/install/turtlesim/share/turtlesim/srv/TeleportAbsolute.idl
[22.587s] -- Installing: /home/abisop-nvme/project_debugger/robo-perf/ros2_ws/install/turtlesim/share/turtlesim/srv/TeleportRelative.idl
[22.587s] -- Installing: /home/abisop-nvme/project_debugger/robo-perf/ros2_ws/install/turtlesim/share/turtlesim/action/RotateAbsolute.action
[22.587s] -- Installing: /home/abisop-nvme/project_debugger/robo-perf/ros2_ws/install/turtlesim/share/turtlesim/msg/Color.msg
[22.587s] -- Installing: /home/abisop-nvme/project_debugger/robo-perf/ros2_ws/install/turtlesim/share/turtlesim/msg/Pose.msg
[22.587s] -- Installing: /home/abisop-nvme/project_debugger/robo-perf/ros2_ws/install/turtlesim/share/turtlesim/srv/Kill.srv
[22.587s] -- Installing: /home/abisop-nvme/project_debugger/robo-perf/ros2_ws/install/turtlesim/share/turtlesim/srv/Kill_Request.msg
[22.588s] -- Installing: /home/abisop-nvme/project_debugger/robo-perf/ros2_ws/install/turtlesim/share/turtlesim/srv/Kill_Response.msg
[22.588s] -- Installing: /home/abisop-nvme/project_debugger/robo-perf/ros2_ws/install/turtlesim/share/turtlesim/srv/SetPen.srv
[22.588s] -- Installing: /home/abisop-nvme/project_debugger/robo-perf/ros2_ws/install/turtlesim/share/turtlesim/srv/SetPen_Request.msg
[22.588s] -- Installing: /home/abisop-nvme/project_debugger/robo-perf/ros2_ws/install/turtlesim/share/turtlesim/srv/SetPen_Response.msg
[22.588s] -- Installing: /home/abisop-nvme/project_debugger/robo-perf/ros2_ws/install/turtlesim/share/turtlesim/srv/Spawn.srv
[22.588s] -- Installing: /home/abisop-nvme/project_debugger/robo-perf/ros2_ws/install/turtlesim/share/turtlesim/srv/Spawn_Request.msg
[22.588s] -- Installing: /home/abisop-nvme/project_debugger/robo-perf/ros2_ws/install/turtlesim/share/turtlesim/srv/Spawn_Response.msg
[22.588s] -- Installing: /home/abisop-nvme/project_debugger/robo-perf/ros2_ws/install/turtlesim/share/turtlesim/srv/TeleportAbsolute.srv
[22.588s] -- Installing: /home/abisop-nvme/project_debugger/robo-perf/ros2_ws/install/turtlesim/share/turtlesim/srv/TeleportAbsolute_Request.msg
[22.588s] -- Installing: /home/abisop-nvme/project_debugger/robo-perf/ros2_ws/install/turtlesim/share/turtlesim/srv/TeleportAbsolute_Response.msg
[22.588s] -- Installing: /home/abisop-nvme/project_debugger/robo-perf/ros2_ws/install/turtlesim/share/turtlesim/srv/TeleportRelative.srv
[22.588s] -- Installing: /home/abisop-nvme/project_debugger/robo-perf/ros2_ws/install/turtlesim/share/turtlesim/srv/TeleportRelative_Request.msg
[22.589s] -- Installing: /home/abisop-nvme/project_debugger/robo-perf/ros2_ws/install/turtlesim/share/turtlesim/srv/TeleportRelative_Response.msg
[22.589s] -- Installing: /home/abisop-nvme/project_debugger/robo-perf/ros2_ws/install/turtlesim/lib/turtlesim/turtlesim_node
[22.594s] -- Set runtime path of "/home/abisop-nvme/project_debugger/robo-perf/ros2_ws/install/turtlesim/lib/turtlesim/turtlesim_node" to ""
[22.594s] -- Installing: /home/abisop-nvme/project_debugger/robo-perf/ros2_ws/install/turtlesim/lib/turtlesim/turtle_teleop_key
[22.595s] -- Set runtime path of "/home/abisop-nvme/project_debugger/robo-perf/ros2_ws/install/turtlesim/lib/turtlesim/turtle_teleop_key" to ""
[22.595s] -- Installing: /home/abisop-nvme/project_debugger/robo-perf/ros2_ws/install/turtlesim/lib/turtlesim/draw_square
[22.597s] -- Set runtime path of "/home/abisop-nvme/project_debugger/robo-perf/ros2_ws/install/turtlesim/lib/turtlesim/draw_square" to ""
[22.597s] -- Installing: /home/abisop-nvme/project_debugger/robo-perf/ros2_ws/install/turtlesim/lib/turtlesim/mimic
[22.599s] -- Set runtime path of "/home/abisop-nvme/project_debugger/robo-perf/ros2_ws/install/turtlesim/lib/turtlesim/mimic" to ""
[22.599s] -- Installing: /home/abisop-nvme/project_debugger/robo-perf/ros2_ws/install/turtlesim/share/turtlesim/images
[22.599s] -- Installing: /home/abisop-nvme/project_debugger/robo-perf/ros2_ws/install/turtlesim/share/turtlesim/images/crystal.png
[22.599s] -- Installing: /home/abisop-nvme/project_debugger/robo-perf/ros2_ws/install/turtlesim/share/turtlesim/images/galactic.png
[22.599s] -- Installing: /home/abisop-nvme/project_debugger/robo-perf/ros2_ws/install/turtlesim/share/turtlesim/images/foxy.png
[22.599s] -- Installing: /home/abisop-nvme/project_debugger/robo-perf/ros2_ws/install/turtlesim/share/turtlesim/images/dashing.png
[22.600s] -- Installing: /home/abisop-nvme/project_debugger/robo-perf/ros2_ws/install/turtlesim/share/turtlesim/images/bouncy.png
[22.600s] -- Installing: /home/abisop-nvme/project_debugger/robo-perf/ros2_ws/install/turtlesim/share/turtlesim/images/eloquent.png
[22.600s] -- Installing: /home/abisop-nvme/project_debugger/robo-perf/ros2_ws/install/turtlesim/share/turtlesim/images/ardent.png
[22.600s] -- Installing: /home/abisop-nvme/project_debugger/robo-perf/ros2_ws/install/turtlesim/share/turtlesim/images/humble.png
[22.600s] -- Installing: /home/abisop-nvme/project_debugger/robo-perf/ros2_ws/install/turtlesim/share/turtlesim/images/rolling.png
[22.600s] -- Installing: /home/abisop-nvme/project_debugger/robo-perf/ros2_ws/install/turtlesim/share/turtlesim/launch
[22.600s] -- Installing: /home/abisop-nvme/project_debugger/robo-perf/ros2_ws/install/turtlesim/share/turtlesim/launch/multisim.launch.py
[22.601s] -- Installing: /home/abisop-nvme/project_debugger/robo-perf/ros2_ws/install/turtlesim/share/ament_index/resource_index/package_run_dependencies/turtlesim
[22.601s] -- Installing: /home/abisop-nvme/project_debugger/robo-perf/ros2_ws/install/turtlesim/share/ament_index/resource_index/parent_prefix_path/turtlesim
[22.601s] -- Installing: /home/abisop-nvme/project_debugger/robo-perf/ros2_ws/install/turtlesim/share/turtlesim/environment/ament_prefix_path.sh
[22.601s] -- Installing: /home/abisop-nvme/project_debugger/robo-perf/ros2_ws/install/turtlesim/share/turtlesim/environment/ament_prefix_path.dsv
[22.601s] -- Installing: /home/abisop-nvme/project_debugger/robo-perf/ros2_ws/install/turtlesim/share/turtlesim/environment/path.sh
[22.601s] -- Installing: /home/abisop-nvme/project_debugger/robo-perf/ros2_ws/install/turtlesim/share/turtlesim/environment/path.dsv
[22.601s] -- Installing: /home/abisop-nvme/project_debugger/robo-perf/ros2_ws/install/turtlesim/share/turtlesim/local_setup.bash
[22.601s] -- Installing: /home/abisop-nvme/project_debugger/robo-perf/ros2_ws/install/turtlesim/share/turtlesim/local_setup.sh
[22.602s] -- Installing: /home/abisop-nvme/project_debugger/robo-perf/ros2_ws/install/turtlesim/share/turtlesim/local_setup.zsh
[22.602s] -- Installing: /home/abisop-nvme/project_debugger/robo-perf/ros2_ws/install/turtlesim/share/turtlesim/local_setup.dsv
[22.602s] -- Installing: /home/abisop-nvme/project_debugger/robo-perf/ros2_ws/install/turtlesim/share/turtlesim/package.dsv
[22.602s] -- Installing: /home/abisop-nvme/project_debugger/robo-perf/ros2_ws/install/turtlesim/share/ament_index/resource_index/packages/turtlesim
[22.602s] -- Installing: /home/abisop-nvme/project_debugger/robo-perf/ros2_ws/install/turtlesim/share/turtlesim/cmake/export_turtlesim__rosidl_generator_cExport.cmake
[22.602s] -- Installing: /home/abisop-nvme/project_debugger/robo-perf/ros2_ws/install/turtlesim/share/turtlesim/cmake/export_turtlesim__rosidl_generator_cExport-noconfig.cmake
[22.602s] -- Installing: /home/abisop-nvme/project_debugger/robo-perf/ros2_ws/install/turtlesim/share/turtlesim/cmake/export_turtlesim__rosidl_typesupport_fastrtps_cExport.cmake
[22.602s] -- Installing: /home/abisop-nvme/project_debugger/robo-perf/ros2_ws/install/turtlesim/share/turtlesim/cmake/export_turtlesim__rosidl_typesupport_fastrtps_cExport-noconfig.cmake
[22.602s] -- Installing: /home/abisop-nvme/project_debugger/robo-perf/ros2_ws/install/turtlesim/share/turtlesim/cmake/export_turtlesim__rosidl_generator_cppExport.cmake
[22.603s] -- Installing: /home/abisop-nvme/project_debugger/robo-perf/ros2_ws/install/turtlesim/share/turtlesim/cmake/export_turtlesim__rosidl_typesupport_fastrtps_cppExport.cmake
[22.603s] -- Installing: /home/abisop-nvme/project_debugger/robo-perf/ros2_ws/install/turtlesim/share/turtlesim/cmake/export_turtlesim__rosidl_typesupport_fastrtps_cppExport-noconfig.cmake
[22.603s] -- Installing: /home/abisop-nvme/project_debugger/robo-perf/ros2_ws/install/turtlesim/share/turtlesim/cmake/turtlesim__rosidl_typesupport_introspection_cExport.cmake
[22.603s] -- Installing: /home/abisop-nvme/project_debugger/robo-perf/ros2_ws/install/turtlesim/share/turtlesim/cmake/turtlesim__rosidl_typesupport_introspection_cExport-noconfig.cmake
[22.603s] -- Installing: /home/abisop-nvme/project_debugger/robo-perf/ros2_ws/install/turtlesim/share/turtlesim/cmake/turtlesim__rosidl_typesupport_cExport.cmake
[22.603s] -- Installing: /home/abisop-nvme/project_debugger/robo-perf/ros2_ws/install/turtlesim/share/turtlesim/cmake/turtlesim__rosidl_typesupport_cExport-noconfig.cmake
[22.603s] -- Installing: /home/abisop-nvme/project_debugger/robo-perf/ros2_ws/install/turtlesim/share/turtlesim/cmake/turtlesim__rosidl_typesupport_introspection_cppExport.cmake
[22.603s] -- Installing: /home/abisop-nvme/project_debugger/robo-perf/ros2_ws/install/turtlesim/share/turtlesim/cmake/turtlesim__rosidl_typesupport_introspection_cppExport-noconfig.cmake
[22.603s] -- Installing: /home/abisop-nvme/project_debugger/robo-perf/ros2_ws/install/turtlesim/share/turtlesim/cmake/turtlesim__rosidl_typesupport_cppExport.cmake
[22.603s] -- Installing: /home/abisop-nvme/project_debugger/robo-perf/ros2_ws/install/turtlesim/share/turtlesim/cmake/turtlesim__rosidl_typesupport_cppExport-noconfig.cmake
[22.604s] -- Installing: /home/abisop-nvme/project_debugger/robo-perf/ros2_ws/install/turtlesim/share/turtlesim/cmake/export_turtlesim__rosidl_generator_pyExport.cmake
[22.604s] -- Installing: /home/abisop-nvme/project_debugger/robo-perf/ros2_ws/install/turtlesim/share/turtlesim/cmake/export_turtlesim__rosidl_generator_pyExport-noconfig.cmake
[22.604s] -- Installing: /home/abisop-nvme/project_debugger/robo-perf/ros2_ws/install/turtlesim/share/turtlesim/cmake/rosidl_cmake-extras.cmake
[22.604s] -- Installing: /home/abisop-nvme/project_debugger/robo-perf/ros2_ws/install/turtlesim/share/turtlesim/cmake/ament_cmake_export_dependencies-extras.cmake
[22.604s] -- Installing: /home/abisop-nvme/project_debugger/robo-perf/ros2_ws/install/turtlesim/share/turtlesim/cmake/ament_cmake_export_include_directories-extras.cmake
[22.604s] -- Installing: /home/abisop-nvme/project_debugger/robo-perf/ros2_ws/install/turtlesim/share/turtlesim/cmake/ament_cmake_export_libraries-extras.cmake
[22.604s] -- Installing: /home/abisop-nvme/project_debugger/robo-perf/ros2_ws/install/turtlesim/share/turtlesim/cmake/ament_cmake_export_targets-extras.cmake
[22.604s] -- Installing: /home/abisop-nvme/project_debugger/robo-perf/ros2_ws/install/turtlesim/share/turtlesim/cmake/rosidl_cmake_export_typesupport_targets-extras.cmake
[22.604s] -- Installing: /home/abisop-nvme/project_debugger/robo-perf/ros2_ws/install/turtlesim/share/turtlesim/cmake/rosidl_cmake_export_typesupport_libraries-extras.cmake
[22.604s] -- Installing: /home/abisop-nvme/project_debugger/robo-perf/ros2_ws/install/turtlesim/share/turtlesim/cmake/turtlesimConfig.cmake
[22.604s] -- Installing: /home/abisop-nvme/project_debugger/robo-perf/ros2_ws/install/turtlesim/share/turtlesim/cmake/turtlesimConfig-version.cmake
[22.605s] -- Installing: /home/abisop-nvme/project_debugger/robo-perf/ros2_ws/install/turtlesim/share/turtlesim/package.xml
[22.606s] Invoked command in '/home/abisop-nvme/project_debugger/robo-perf/ros2_ws/build/turtlesim' returned '0': CMAKE_PREFIX_PATH=${CMAKE_PREFIX_PATH}:/opt/ros/humble _=/usr/bin/env /usr/bin/cmake --install /home/abisop-nvme/project_debugger/robo-perf/ros2_ws/build/turtlesim
